2023-02-04 09:18:13 INFO  --- [restartedMain] cn.tedu.store.StoreApplication Line:50  - Starting StoreApplication on BX1210020100020 with PID 49780 (F:\idea\workspaces\store\target\classes started by Lihao1 in F:\idea\workspaces\store)
2023-02-04 09:18:13 INFO  --- [restartedMain] cn.tedu.store.StoreApplication Line:675 - No active profile set, falling back to default profiles: default
2023-02-04 09:18:15 INFO  --- [restartedMain] org.apache.coyote.http11.Http11NioProtocol Line:173 - Initializing ProtocolHandler ["http-nio-8080"]
2023-02-04 09:18:15 INFO  --- [restartedMain] org.apache.catalina.core.StandardService Line:173 - Starting service [Tomcat]
2023-02-04 09:18:15 INFO  --- [restartedMain] org.apache.catalina.core.StandardEngine Line:173 - Starting Servlet engine: [Apache Tomcat/9.0.16]
2023-02-04 09:18:15 INFO  --- [restartedMain] org.apache.catalina.core.AprLifecycleListener Line:173 - The APR based Apache Tomcat Native library which allows optimal performance in production environments was not found on the java.library.path: [C:\Program Files\Java\jdk1.8.0_251\bin;C:\Windows\Sun\Java\bin;C:\Windows\system32;C:\Windows;C:\Program Files (x86)\Common Files\Oracle\Java\javapath;F:\SecureCRT\;F:\VMware\bin\;F:\oracle\product\12.2.0\client_1\bin;C:\Windows\system32;C:\Windows;C:\Windows\System32\Wbem;C:\Windows\System32\WindowsPowerShell\v1.0\;C:\Windows\System32\OpenSSH\;C:\Program Files\NVIDIA Corporation\NVIDIA NvDLISR;C:\Program Files\Java\jdk1.8.0_251\bin;C:\Program Files\MySQL\MySQL Server 5.7\bin;C:\Program Files\TortoiseSVN\bin;F:\Git\cmd;F:\maven\apache-maven-3.6.3\bin;C:\Program Files\dotnet\;C:\Program Files (x86)\NVIDIA Corporation\PhysX\Common;F:\OpenSSL-Win64\bin;E:\浏览器下载文件夹;;E:\微信web开发者工具\dll;%USERPROFILE%\AppData\Local\Microsoft\WindowsApps;F:\other\QQGameTempest\Hall.57795\;.]
2023-02-04 09:18:15 INFO  --- [restartedMain] org.apache.catalina.core.ContainerBase.[Tomcat].[localhost].[/] Line:173 - Initializing Spring embedded WebApplicationContext
2023-02-04 09:18:17 INFO  --- [restartedMain] org.apache.coyote.http11.Http11NioProtocol Line:173 - Starting ProtocolHandler ["http-nio-8080"]
2023-02-04 09:18:17 INFO  --- [restartedMain] cn.tedu.store.StoreApplication Line:59  - Started StoreApplication in 5.376 seconds (JVM running for 6.444)
2023-02-04 09:19:24 INFO  --- [restartedMain] cn.tedu.store.StoreApplication Line:50  - Starting StoreApplication on BX1210020100020 with PID 49780 (F:\idea\workspaces\store\target\classes started by Lihao1 in F:\idea\workspaces\store)
2023-02-04 09:19:24 INFO  --- [restartedMain] cn.tedu.store.StoreApplication Line:675 - No active profile set, falling back to default profiles: default
2023-02-04 09:19:24 INFO  --- [restartedMain] org.apache.coyote.http11.Http11NioProtocol Line:173 - Initializing ProtocolHandler ["http-nio-8080"]
2023-02-04 09:19:24 INFO  --- [restartedMain] org.apache.catalina.core.StandardService Line:173 - Starting service [Tomcat]
2023-02-04 09:19:24 INFO  --- [restartedMain] org.apache.catalina.core.StandardEngine Line:173 - Starting Servlet engine: [Apache Tomcat/9.0.16]
2023-02-04 09:19:24 INFO  --- [restartedMain] org.apache.catalina.core.ContainerBase.[Tomcat].[localhost].[/] Line:173 - Initializing Spring embedded WebApplicationContext
2023-02-04 09:19:24 INFO  --- [restartedMain] org.apache.catalina.core.StandardService Line:173 - Stopping service [Tomcat]
2023-02-04 09:21:15 INFO  --- [restartedMain] cn.tedu.store.StoreApplication Line:50  - Starting StoreApplication on BX1210020100020 with PID 49780 (F:\idea\workspaces\store\target\classes started by Lihao1 in F:\idea\workspaces\store)
2023-02-04 09:21:15 INFO  --- [restartedMain] cn.tedu.store.StoreApplication Line:675 - No active profile set, falling back to default profiles: default
2023-02-04 09:21:15 INFO  --- [restartedMain] org.apache.coyote.http11.Http11NioProtocol Line:173 - Initializing ProtocolHandler ["http-nio-8080"]
2023-02-04 09:21:15 INFO  --- [restartedMain] org.apache.catalina.core.StandardService Line:173 - Starting service [Tomcat]
2023-02-04 09:21:15 INFO  --- [restartedMain] org.apache.catalina.core.StandardEngine Line:173 - Starting Servlet engine: [Apache Tomcat/9.0.16]
2023-02-04 09:21:15 INFO  --- [restartedMain] org.apache.catalina.core.ContainerBase.[Tomcat-1].[localhost].[/] Line:173 - Initializing Spring embedded WebApplicationContext
2023-02-04 09:21:15 INFO  --- [restartedMain] org.apache.catalina.core.StandardService Line:173 - Stopping service [Tomcat]
2023-02-04 09:25:44 INFO  --- [restartedMain] cn.tedu.store.StoreApplication Line:50  - Starting StoreApplication on BX1210020100020 with PID 49780 (F:\idea\workspaces\store\target\classes started by Lihao1 in F:\idea\workspaces\store)
2023-02-04 09:25:44 INFO  --- [restartedMain] cn.tedu.store.StoreApplication Line:675 - No active profile set, falling back to default profiles: default
2023-02-04 09:25:44 INFO  --- [restartedMain] org.apache.coyote.http11.Http11NioProtocol Line:173 - Initializing ProtocolHandler ["http-nio-8080"]
2023-02-04 09:25:44 INFO  --- [restartedMain] org.apache.catalina.core.StandardService Line:173 - Starting service [Tomcat]
2023-02-04 09:25:44 INFO  --- [restartedMain] org.apache.catalina.core.StandardEngine Line:173 - Starting Servlet engine: [Apache Tomcat/9.0.16]
2023-02-04 09:25:44 INFO  --- [restartedMain] org.apache.catalina.core.ContainerBase.[Tomcat-2].[localhost].[/] Line:173 - Initializing Spring embedded WebApplicationContext
2023-02-04 09:25:44 INFO  --- [restartedMain] org.apache.coyote.http11.Http11NioProtocol Line:173 - Starting ProtocolHandler ["http-nio-8080"]
2023-02-04 09:25:44 INFO  --- [restartedMain] cn.tedu.store.StoreApplication Line:59  - Started StoreApplication in 0.515 seconds (JVM running for 453.497)
2023-02-04 09:26:20 INFO  --- [restartedMain] cn.tedu.store.StoreApplication Line:50  - Starting StoreApplication on BX1210020100020 with PID 49780 (F:\idea\workspaces\store\target\classes started by Lihao1 in F:\idea\workspaces\store)
2023-02-04 09:26:20 INFO  --- [restartedMain] cn.tedu.store.StoreApplication Line:675 - No active profile set, falling back to default profiles: default
2023-02-04 09:26:20 INFO  --- [restartedMain] org.apache.coyote.http11.Http11NioProtocol Line:173 - Initializing ProtocolHandler ["http-nio-8080"]
2023-02-04 09:26:20 INFO  --- [restartedMain] org.apache.catalina.core.StandardService Line:173 - Starting service [Tomcat]
2023-02-04 09:26:20 INFO  --- [restartedMain] org.apache.catalina.core.StandardEngine Line:173 - Starting Servlet engine: [Apache Tomcat/9.0.16]
2023-02-04 09:26:20 INFO  --- [restartedMain] org.apache.catalina.core.ContainerBase.[Tomcat-2].[localhost].[/] Line:173 - Initializing Spring embedded WebApplicationContext
2023-02-04 09:26:21 INFO  --- [restartedMain] org.apache.coyote.http11.Http11NioProtocol Line:173 - Starting ProtocolHandler ["http-nio-8080"]
2023-02-04 09:26:21 INFO  --- [restartedMain] cn.tedu.store.StoreApplication Line:59  - Started StoreApplication in 0.594 seconds (JVM running for 489.846)
2023-02-04 09:26:32 INFO  --- [restartedMain] cn.tedu.store.StoreApplication Line:50  - Starting StoreApplication on BX1210020100020 with PID 49780 (F:\idea\workspaces\store\target\classes started by Lihao1 in F:\idea\workspaces\store)
2023-02-04 09:26:32 INFO  --- [restartedMain] cn.tedu.store.StoreApplication Line:675 - No active profile set, falling back to default profiles: default
2023-02-04 09:26:32 INFO  --- [restartedMain] org.apache.coyote.http11.Http11NioProtocol Line:173 - Initializing ProtocolHandler ["http-nio-8080"]
2023-02-04 09:26:32 INFO  --- [restartedMain] org.apache.catalina.core.StandardService Line:173 - Starting service [Tomcat]
2023-02-04 09:26:32 INFO  --- [restartedMain] org.apache.catalina.core.StandardEngine Line:173 - Starting Servlet engine: [Apache Tomcat/9.0.16]
2023-02-04 09:26:32 INFO  --- [restartedMain] org.apache.catalina.core.ContainerBase.[Tomcat-2].[localhost].[/] Line:173 - Initializing Spring embedded WebApplicationContext
2023-02-04 09:26:33 INFO  --- [restartedMain] org.apache.coyote.http11.Http11NioProtocol Line:173 - Starting ProtocolHandler ["http-nio-8080"]
2023-02-04 09:26:33 INFO  --- [restartedMain] cn.tedu.store.StoreApplication Line:59  - Started StoreApplication in 0.491 seconds (JVM running for 501.693)
2023-02-04 09:27:09 INFO  --- [restartedMain] cn.tedu.store.StoreApplication Line:50  - Starting StoreApplication on BX1210020100020 with PID 49780 (F:\idea\workspaces\store\target\classes started by Lihao1 in F:\idea\workspaces\store)
2023-02-04 09:27:09 INFO  --- [restartedMain] cn.tedu.store.StoreApplication Line:675 - No active profile set, falling back to default profiles: default
2023-02-04 09:27:10 INFO  --- [restartedMain] org.apache.coyote.http11.Http11NioProtocol Line:173 - Initializing ProtocolHandler ["http-nio-8080"]
2023-02-04 09:27:10 INFO  --- [restartedMain] org.apache.catalina.core.StandardService Line:173 - Starting service [Tomcat]
2023-02-04 09:27:10 INFO  --- [restartedMain] org.apache.catalina.core.StandardEngine Line:173 - Starting Servlet engine: [Apache Tomcat/9.0.16]
2023-02-04 09:27:10 INFO  --- [restartedMain] org.apache.catalina.core.ContainerBase.[Tomcat-2].[localhost].[/] Line:173 - Initializing Spring embedded WebApplicationContext
2023-02-04 09:27:10 INFO  --- [restartedMain] org.apache.coyote.http11.Http11NioProtocol Line:173 - Starting ProtocolHandler ["http-nio-8080"]
2023-02-04 09:27:10 INFO  --- [restartedMain] cn.tedu.store.StoreApplication Line:59  - Started StoreApplication in 0.458 seconds (JVM running for 538.945)
2023-02-04 09:29:57 INFO  --- [restartedMain] cn.tedu.store.StoreApplication Line:50  - Starting StoreApplication on BX1210020100020 with PID 49780 (F:\idea\workspaces\store\target\classes started by Lihao1 in F:\idea\workspaces\store)
2023-02-04 09:29:57 INFO  --- [restartedMain] cn.tedu.store.StoreApplication Line:675 - No active profile set, falling back to default profiles: default
2023-02-04 09:29:57 INFO  --- [restartedMain] org.apache.coyote.http11.Http11NioProtocol Line:173 - Initializing ProtocolHandler ["http-nio-8080"]
2023-02-04 09:29:57 INFO  --- [restartedMain] org.apache.catalina.core.StandardService Line:173 - Starting service [Tomcat]
2023-02-04 09:29:57 INFO  --- [restartedMain] org.apache.catalina.core.StandardEngine Line:173 - Starting Servlet engine: [Apache Tomcat/9.0.16]
2023-02-04 09:29:57 INFO  --- [restartedMain] org.apache.catalina.core.ContainerBase.[Tomcat-2].[localhost].[/] Line:173 - Initializing Spring embedded WebApplicationContext
2023-02-04 09:29:57 INFO  --- [restartedMain] org.apache.coyote.http11.Http11NioProtocol Line:173 - Starting ProtocolHandler ["http-nio-8080"]
2023-02-04 09:29:57 INFO  --- [restartedMain] cn.tedu.store.StoreApplication Line:59  - Started StoreApplication in 0.495 seconds (JVM running for 706.473)
2023-02-04 09:33:07 INFO  --- [restartedMain] cn.tedu.store.StoreApplication Line:50  - Starting StoreApplication on BX1210020100020 with PID 49780 (F:\idea\workspaces\store\target\classes started by Lihao1 in F:\idea\workspaces\store)
2023-02-04 09:33:07 INFO  --- [restartedMain] cn.tedu.store.StoreApplication Line:675 - No active profile set, falling back to default profiles: default
2023-02-04 09:33:07 INFO  --- [restartedMain] org.apache.coyote.http11.Http11NioProtocol Line:173 - Initializing ProtocolHandler ["http-nio-8080"]
2023-02-04 09:33:07 INFO  --- [restartedMain] org.apache.catalina.core.StandardService Line:173 - Starting service [Tomcat]
2023-02-04 09:33:07 INFO  --- [restartedMain] org.apache.catalina.core.StandardEngine Line:173 - Starting Servlet engine: [Apache Tomcat/9.0.16]
2023-02-04 09:33:07 INFO  --- [restartedMain] org.apache.catalina.core.ContainerBase.[Tomcat-2].[localhost].[/] Line:173 - Initializing Spring embedded WebApplicationContext
2023-02-04 09:33:07 INFO  --- [restartedMain] org.apache.catalina.core.StandardService Line:173 - Stopping service [Tomcat]
2023-02-04 09:33:40 INFO  --- [restartedMain] cn.tedu.store.StoreApplication Line:50  - Starting StoreApplication on BX1210020100020 with PID 49780 (F:\idea\workspaces\store\target\classes started by Lihao1 in F:\idea\workspaces\store)
2023-02-04 09:33:40 INFO  --- [restartedMain] cn.tedu.store.StoreApplication Line:675 - No active profile set, falling back to default profiles: default
2023-02-04 09:33:40 INFO  --- [restartedMain] org.apache.coyote.http11.Http11NioProtocol Line:173 - Initializing ProtocolHandler ["http-nio-8080"]
2023-02-04 09:33:40 INFO  --- [restartedMain] org.apache.catalina.core.StandardService Line:173 - Starting service [Tomcat]
2023-02-04 09:33:40 INFO  --- [restartedMain] org.apache.catalina.core.StandardEngine Line:173 - Starting Servlet engine: [Apache Tomcat/9.0.16]
2023-02-04 09:33:40 INFO  --- [restartedMain] org.apache.catalina.core.ContainerBase.[Tomcat-3].[localhost].[/] Line:173 - Initializing Spring embedded WebApplicationContext
2023-02-04 09:33:41 INFO  --- [restartedMain] org.apache.coyote.http11.Http11NioProtocol Line:173 - Starting ProtocolHandler ["http-nio-8080"]
2023-02-04 09:33:41 INFO  --- [restartedMain] cn.tedu.store.StoreApplication Line:59  - Started StoreApplication in 0.465 seconds (JVM running for 929.69)
2023-02-04 09:35:04 INFO  --- [http-nio-8080-exec-1] org.apache.catalina.core.ContainerBase.[Tomcat-3].[localhost].[/] Line:173 - Initializing Spring DispatcherServlet 'dispatcherServlet'
2023-02-04 09:35:08 INFO  --- [http-nio-8080-exec-2] com.zaxxer.hikari.HikariDataSource Line:110 - HikariPool-1 - Starting...
2023-02-04 09:35:08 INFO  --- [http-nio-8080-exec-2] com.zaxxer.hikari.HikariDataSource Line:123 - HikariPool-1 - Start completed.
2023-02-04 09:38:48 INFO  --- [Thread-59] com.zaxxer.hikari.HikariDataSource Line:350 - HikariPool-1 - Shutdown initiated...
2023-02-04 09:38:48 INFO  --- [Thread-59] com.zaxxer.hikari.HikariDataSource Line:352 - HikariPool-1 - Shutdown completed.
2023-02-04 09:38:48 INFO  --- [restartedMain] cn.tedu.store.StoreApplication Line:50  - Starting StoreApplication on BX1210020100020 with PID 49780 (F:\idea\workspaces\store\target\classes started by Lihao1 in F:\idea\workspaces\store)
2023-02-04 09:38:48 INFO  --- [restartedMain] cn.tedu.store.StoreApplication Line:675 - No active profile set, falling back to default profiles: default
2023-02-04 09:38:49 INFO  --- [restartedMain] org.apache.coyote.http11.Http11NioProtocol Line:173 - Initializing ProtocolHandler ["http-nio-8080"]
2023-02-04 09:38:49 INFO  --- [restartedMain] org.apache.catalina.core.StandardService Line:173 - Starting service [Tomcat]
2023-02-04 09:38:49 INFO  --- [restartedMain] org.apache.catalina.core.StandardEngine Line:173 - Starting Servlet engine: [Apache Tomcat/9.0.16]
2023-02-04 09:38:49 INFO  --- [restartedMain] org.apache.catalina.core.ContainerBase.[Tomcat-3].[localhost].[/] Line:173 - Initializing Spring embedded WebApplicationContext
2023-02-04 09:38:49 INFO  --- [restartedMain] org.apache.coyote.http11.Http11NioProtocol Line:173 - Starting ProtocolHandler ["http-nio-8080"]
2023-02-04 09:38:49 INFO  --- [restartedMain] cn.tedu.store.StoreApplication Line:59  - Started StoreApplication in 0.54 seconds (JVM running for 1238.109)
2023-02-04 09:40:49 INFO  --- [restartedMain] cn.tedu.store.StoreApplication Line:50  - Starting StoreApplication on BX1210020100020 with PID 49780 (F:\idea\workspaces\store\target\classes started by Lihao1 in F:\idea\workspaces\store)
2023-02-04 09:40:49 INFO  --- [restartedMain] cn.tedu.store.StoreApplication Line:675 - No active profile set, falling back to default profiles: default
2023-02-04 09:40:50 INFO  --- [restartedMain] org.apache.coyote.http11.Http11NioProtocol Line:173 - Initializing ProtocolHandler ["http-nio-8080"]
2023-02-04 09:40:50 INFO  --- [restartedMain] org.apache.catalina.core.StandardService Line:173 - Starting service [Tomcat]
2023-02-04 09:40:50 INFO  --- [restartedMain] org.apache.catalina.core.StandardEngine Line:173 - Starting Servlet engine: [Apache Tomcat/9.0.16]
2023-02-04 09:40:50 INFO  --- [restartedMain] org.apache.catalina.core.ContainerBase.[Tomcat-3].[localhost].[/] Line:173 - Initializing Spring embedded WebApplicationContext
2023-02-04 09:40:50 INFO  --- [restartedMain] org.apache.coyote.http11.Http11NioProtocol Line:173 - Starting ProtocolHandler ["http-nio-8080"]
2023-02-04 09:40:50 INFO  --- [restartedMain] cn.tedu.store.StoreApplication Line:59  - Started StoreApplication in 0.497 seconds (JVM running for 1359.004)
2023-02-04 09:41:11 INFO  --- [http-nio-8080-exec-1] org.apache.catalina.core.ContainerBase.[Tomcat-3].[localhost].[/] Line:173 - Initializing Spring DispatcherServlet 'dispatcherServlet'
2023-02-04 09:41:11 INFO  --- [http-nio-8080-exec-3] com.zaxxer.hikari.HikariDataSource Line:110 - HikariPool-2 - Starting...
2023-02-04 09:41:11 INFO  --- [http-nio-8080-exec-3] com.zaxxer.hikari.HikariDataSource Line:123 - HikariPool-2 - Start completed.
2023-02-04 09:42:25 INFO  --- [restartedMain] cn.tedu.store.StoreApplication Line:50  - Starting StoreApplication on BX1210020100020 with PID 37188 (F:\idea\workspaces\store\target\classes started by Lihao1 in F:\idea\workspaces\store)
2023-02-04 09:42:25 INFO  --- [restartedMain] cn.tedu.store.StoreApplication Line:675 - No active profile set, falling back to default profiles: default
2023-02-04 09:42:26 INFO  --- [restartedMain] org.apache.coyote.http11.Http11NioProtocol Line:173 - Initializing ProtocolHandler ["http-nio-8080"]
2023-02-04 09:42:26 INFO  --- [restartedMain] org.apache.catalina.core.StandardService Line:173 - Starting service [Tomcat]
2023-02-04 09:42:26 INFO  --- [restartedMain] org.apache.catalina.core.StandardEngine Line:173 - Starting Servlet engine: [Apache Tomcat/9.0.16]
2023-02-04 09:42:26 INFO  --- [restartedMain] org.apache.catalina.core.AprLifecycleListener Line:173 - The APR based Apache Tomcat Native library which allows optimal performance in production environments was not found on the java.library.path: [C:\Program Files\Java\jdk1.8.0_251\bin;C:\Windows\Sun\Java\bin;C:\Windows\system32;C:\Windows;C:\Program Files (x86)\Common Files\Oracle\Java\javapath;F:\SecureCRT\;F:\VMware\bin\;F:\oracle\product\12.2.0\client_1\bin;C:\Windows\system32;C:\Windows;C:\Windows\System32\Wbem;C:\Windows\System32\WindowsPowerShell\v1.0\;C:\Windows\System32\OpenSSH\;C:\Program Files\NVIDIA Corporation\NVIDIA NvDLISR;C:\Program Files\Java\jdk1.8.0_251\bin;C:\Program Files\MySQL\MySQL Server 5.7\bin;C:\Program Files\TortoiseSVN\bin;F:\Git\cmd;F:\maven\apache-maven-3.6.3\bin;C:\Program Files\dotnet\;C:\Program Files (x86)\NVIDIA Corporation\PhysX\Common;F:\OpenSSL-Win64\bin;E:\浏览器下载文件夹;;E:\微信web开发者工具\dll;%USERPROFILE%\AppData\Local\Microsoft\WindowsApps;F:\other\QQGameTempest\Hall.57795\;.]
2023-02-04 09:42:26 INFO  --- [restartedMain] org.apache.catalina.core.ContainerBase.[Tomcat].[localhost].[/] Line:173 - Initializing Spring embedded WebApplicationContext
2023-02-04 09:42:27 INFO  --- [restartedMain] org.apache.coyote.http11.Http11NioProtocol Line:173 - Starting ProtocolHandler ["http-nio-8080"]
2023-02-04 09:42:27 INFO  --- [restartedMain] cn.tedu.store.StoreApplication Line:59  - Started StoreApplication in 2.057 seconds (JVM running for 3.512)
2023-02-04 09:43:36 INFO  --- [http-nio-8080-exec-1] org.apache.catalina.core.ContainerBase.[Tomcat].[localhost].[/] Line:173 - Initializing Spring DispatcherServlet 'dispatcherServlet'
2023-02-04 09:43:41 INFO  --- [http-nio-8080-exec-3] com.zaxxer.hikari.HikariDataSource Line:110 - HikariPool-1 - Starting...
2023-02-04 09:43:41 INFO  --- [http-nio-8080-exec-3] com.zaxxer.hikari.HikariDataSource Line:123 - HikariPool-1 - Start completed.
2023-02-04 09:48:08 INFO  --- [Thread-9] com.zaxxer.hikari.HikariDataSource Line:350 - HikariPool-1 - Shutdown initiated...
2023-02-04 09:48:08 INFO  --- [Thread-9] com.zaxxer.hikari.HikariDataSource Line:352 - HikariPool-1 - Shutdown completed.
2023-02-04 09:48:09 INFO  --- [restartedMain] cn.tedu.store.StoreApplication Line:50  - Starting StoreApplication on BX1210020100020 with PID 37188 (F:\idea\workspaces\store\target\classes started by Lihao1 in F:\idea\workspaces\store)
2023-02-04 09:48:09 INFO  --- [restartedMain] cn.tedu.store.StoreApplication Line:675 - No active profile set, falling back to default profiles: default
2023-02-04 09:48:09 INFO  --- [restartedMain] org.apache.coyote.http11.Http11NioProtocol Line:173 - Initializing ProtocolHandler ["http-nio-8080"]
2023-02-04 09:48:09 INFO  --- [restartedMain] org.apache.catalina.core.StandardService Line:173 - Starting service [Tomcat]
2023-02-04 09:48:09 INFO  --- [restartedMain] org.apache.catalina.core.StandardEngine Line:173 - Starting Servlet engine: [Apache Tomcat/9.0.16]
2023-02-04 09:48:09 INFO  --- [restartedMain] org.apache.catalina.core.ContainerBase.[Tomcat].[localhost].[/] Line:173 - Initializing Spring embedded WebApplicationContext
2023-02-04 09:48:09 INFO  --- [restartedMain] org.apache.coyote.http11.Http11NioProtocol Line:173 - Starting ProtocolHandler ["http-nio-8080"]
2023-02-04 09:48:09 INFO  --- [restartedMain] cn.tedu.store.StoreApplication Line:59  - Started StoreApplication in 0.58 seconds (JVM running for 345.737)
2023-02-04 09:48:35 INFO  --- [restartedMain] cn.tedu.store.StoreApplication Line:50  - Starting StoreApplication on BX1210020100020 with PID 38584 (F:\idea\workspaces\store\target\classes started by Lihao1 in F:\idea\workspaces\store)
2023-02-04 09:48:35 INFO  --- [restartedMain] cn.tedu.store.StoreApplication Line:675 - No active profile set, falling back to default profiles: default
2023-02-04 09:48:36 INFO  --- [restartedMain] org.apache.coyote.http11.Http11NioProtocol Line:173 - Initializing ProtocolHandler ["http-nio-8080"]
2023-02-04 09:48:36 INFO  --- [restartedMain] org.apache.catalina.core.StandardService Line:173 - Starting service [Tomcat]
2023-02-04 09:48:36 INFO  --- [restartedMain] org.apache.catalina.core.StandardEngine Line:173 - Starting Servlet engine: [Apache Tomcat/9.0.16]
2023-02-04 09:48:36 INFO  --- [restartedMain] org.apache.catalina.core.AprLifecycleListener Line:173 - The APR based Apache Tomcat Native library which allows optimal performance in production environments was not found on the java.library.path: [C:\Program Files\Java\jdk1.8.0_251\bin;C:\Windows\Sun\Java\bin;C:\Windows\system32;C:\Windows;C:\Program Files (x86)\Common Files\Oracle\Java\javapath;F:\SecureCRT\;F:\VMware\bin\;F:\oracle\product\12.2.0\client_1\bin;C:\Windows\system32;C:\Windows;C:\Windows\System32\Wbem;C:\Windows\System32\WindowsPowerShell\v1.0\;C:\Windows\System32\OpenSSH\;C:\Program Files\NVIDIA Corporation\NVIDIA NvDLISR;C:\Program Files\Java\jdk1.8.0_251\bin;C:\Program Files\MySQL\MySQL Server 5.7\bin;C:\Program Files\TortoiseSVN\bin;F:\Git\cmd;F:\maven\apache-maven-3.6.3\bin;C:\Program Files\dotnet\;C:\Program Files (x86)\NVIDIA Corporation\PhysX\Common;F:\OpenSSL-Win64\bin;E:\浏览器下载文件夹;;E:\微信web开发者工具\dll;%USERPROFILE%\AppData\Local\Microsoft\WindowsApps;F:\other\QQGameTempest\Hall.57795\;.]
2023-02-04 09:48:36 INFO  --- [restartedMain] org.apache.catalina.core.ContainerBase.[Tomcat].[localhost].[/] Line:173 - Initializing Spring embedded WebApplicationContext
2023-02-04 09:48:37 INFO  --- [restartedMain] org.apache.coyote.http11.Http11NioProtocol Line:173 - Starting ProtocolHandler ["http-nio-8080"]
2023-02-04 09:48:37 INFO  --- [restartedMain] cn.tedu.store.StoreApplication Line:59  - Started StoreApplication in 1.971 seconds (JVM running for 2.73)
2023-02-04 09:48:42 INFO  --- [http-nio-8080-exec-1] org.apache.catalina.core.ContainerBase.[Tomcat].[localhost].[/] Line:173 - Initializing Spring DispatcherServlet 'dispatcherServlet'
2023-02-04 09:48:42 INFO  --- [http-nio-8080-exec-2] com.zaxxer.hikari.HikariDataSource Line:110 - HikariPool-1 - Starting...
2023-02-04 09:48:42 INFO  --- [http-nio-8080-exec-2] com.zaxxer.hikari.HikariDataSource Line:123 - HikariPool-1 - Start completed.
